<?xml version="1.0" encoding="UTF-8"?>
<!-- Generated by org.testng.reporters.JUnitReportReporter -->
<testsuite skipped="0" hostname="ip-172-31-80-188" name="RestAPI.PostRequest" tests="1" failures="0" timestamp="03 Dec 2021 07:31:06 GMT" time="1.403" errors="0">
  <testcase name="PostCall" time="1.403" classname="RestAPI.PostRequest"/>
</testsuite> <!-- RestAPI.PostRequest -->
