<?xml version="1.0" encoding="UTF-8"?>
<!-- Generated by org.testng.reporters.JUnitReportReporter -->
<testsuite skipped="0" hostname="ip-172-31-80-188" name="RestAPI.GetRequest" tests="1" failures="0" timestamp="03 Dec 2021 07:09:48 GMT" time="1.266" errors="0">
  <testcase name="GetCall" time="1.266" classname="RestAPI.GetRequest"/>
</testsuite> <!-- RestAPI.GetRequest -->
